{"C:\\Users\\musta\\OneDrive\\Documents\\4353demoUpdating\\backend\\authService.js": {"path":"C:\\Users\\musta\\OneDrive\\Documents\\4353demoUpdating\\backend\\authService.js","statementMap":{"0":{"start":{"line":6,"column":24},"end":{"line":25,"column":1}},"1":{"start":{"line":7,"column":25},"end":{"line":7,"column":56}},"2":{"start":{"line":8,"column":15},"end":{"line":16,"column":4}},"3":{"start":{"line":18,"column":16},"end":{"line":22,"column":3}},"4":{"start":{"line":24,"column":2},"end":{"line":24,"column":25}},"5":{"start":{"line":27,"column":21},"end":{"line":48,"column":1}},"6":{"start":{"line":28,"column":15},"end":{"line":30,"column":4}},"7":{"start":{"line":32,"column":2},"end":{"line":34,"column":3}},"8":{"start":{"line":33,"column":4},"end":{"line":33,"column":43}},"9":{"start":{"line":36,"column":24},"end":{"line":36,"column":69}},"10":{"start":{"line":37,"column":2},"end":{"line":39,"column":3}},"11":{"start":{"line":38,"column":4},"end":{"line":38,"column":43}},"12":{"start":{"line":41,"column":16},"end":{"line":45,"column":3}},"13":{"start":{"line":47,"column":2},"end":{"line":47,"column":25}}},"fnMap":{"0":{"name":"(anonymous_0)","decl":{"start":{"line":6,"column":24},"end":{"line":6,"column":25}},"loc":{"start":{"line":6,"column":64},"end":{"line":25,"column":1}},"line":6},"1":{"name":"(anonymous_1)","decl":{"start":{"line":27,"column":21},"end":{"line":27,"column":22}},"loc":{"start":{"line":27,"column":48},"end":{"line":48,"column":1}},"line":27}},"branchMap":{"0":{"loc":{"start":{"line":32,"column":2},"end":{"line":34,"column":3}},"type":"if","locations":[{"start":{"line":32,"column":2},"end":{"line":34,"column":3}},{"start":{},"end":{}}],"line":32},"1":{"loc":{"start":{"line":37,"column":2},"end":{"line":39,"column":3}},"type":"if","locations":[{"start":{"line":37,"column":2},"end":{"line":39,"column":3}},{"start":{},"end":{}}],"line":37}},"s":{"0":1,"1":2,"2":1,"3":1,"4":1,"5":1,"6":3,"7":3,"8":1,"9":2,"10":2,"11":1,"12":1,"13":1},"f":{"0":2,"1":3},"b":{"0":[1,2],"1":[1,1]},"_coverageSchema":"1a1c01bbd47fc00a2c39e90264f33305004495a9","hash":"94a13d8da8276cabf812ef2f3bb3cc67ca9b59af"}
,"C:\\Users\\musta\\OneDrive\\Documents\\4353demoUpdating\\backend\\eventService.js": {"path":"C:\\Users\\musta\\OneDrive\\Documents\\4353demoUpdating\\backend\\eventService.js","statementMap":{"0":{"start":{"line":3,"column":25},"end":{"line":6,"column":1}},"1":{"start":{"line":4,"column":17},"end":{"line":4,"column":52}},"2":{"start":{"line":5,"column":2},"end":{"line":5,"column":21}},"3":{"start":{"line":8,"column":24},"end":{"line":14,"column":1}},"4":{"start":{"line":9,"column":17},"end":{"line":12,"column":3}},"5":{"start":{"line":13,"column":2},"end":{"line":13,"column":24}}},"fnMap":{"0":{"name":"(anonymous_0)","decl":{"start":{"line":3,"column":25},"end":{"line":3,"column":26}},"loc":{"start":{"line":3,"column":37},"end":{"line":6,"column":1}},"line":3},"1":{"name":"(anonymous_1)","decl":{"start":{"line":8,"column":24},"end":{"line":8,"column":25}},"loc":{"start":{"line":8,"column":41},"end":{"line":14,"column":1}},"line":8}},"branchMap":{},"s":{"0":1,"1":2,"2":1,"3":1,"4":3,"5":2},"f":{"0":2,"1":3},"b":{},"_coverageSchema":"1a1c01bbd47fc00a2c39e90264f33305004495a9","hash":"1ef048b707618153b5756d222bbfc95cd9b7df12"}
,"C:\\Users\\musta\\OneDrive\\Documents\\4353demoUpdating\\backend\\historyService.js": {"path":"C:\\Users\\musta\\OneDrive\\Documents\\4353demoUpdating\\backend\\historyService.js","statementMap":{"0":{"start":{"line":3,"column":35},"end":{"line":14,"column":1}},"1":{"start":{"line":4,"column":2},"end":{"line":13,"column":5}},"2":{"start":{"line":16,"column":35},"end":{"line":24,"column":1}},"3":{"start":{"line":17,"column":2},"end":{"line":23,"column":5}}},"fnMap":{"0":{"name":"(anonymous_0)","decl":{"start":{"line":3,"column":35},"end":{"line":3,"column":36}},"loc":{"start":{"line":3,"column":47},"end":{"line":14,"column":1}},"line":3},"1":{"name":"(anonymous_1)","decl":{"start":{"line":16,"column":35},"end":{"line":16,"column":36}},"loc":{"start":{"line":16,"column":75},"end":{"line":24,"column":1}},"line":16}},"branchMap":{},"s":{"0":1,"1":1,"2":1,"3":2},"f":{"0":1,"1":2},"b":{},"_coverageSchema":"1a1c01bbd47fc00a2c39e90264f33305004495a9","hash":"9ed8de83d2af2903d83b1d95b04ecda57169950e"}
,"C:\\Users\\musta\\OneDrive\\Documents\\4353demoUpdating\\backend\\matchingService.js": {"path":"C:\\Users\\musta\\OneDrive\\Documents\\4353demoUpdating\\backend\\matchingService.js","statementMap":{"0":{"start":{"line":3,"column":15},"end":{"line":3,"column":33}},"1":{"start":{"line":6,"column":46},"end":{"line":52,"column":1}},"2":{"start":{"line":7,"column":28},"end":{"line":7,"column":53}},"3":{"start":{"line":8,"column":2},"end":{"line":10,"column":3}},"4":{"start":{"line":9,"column":4},"end":{"line":9,"column":60}},"5":{"start":{"line":13,"column":20},"end":{"line":16,"column":4}},"6":{"start":{"line":18,"column":2},"end":{"line":21,"column":3}},"7":{"start":{"line":19,"column":4},"end":{"line":19,"column":84}},"8":{"start":{"line":20,"column":4},"end":{"line":20,"column":14}},"9":{"start":{"line":23,"column":27},"end":{"line":25,"column":45}},"10":{"start":{"line":24,"column":38},"end":{"line":24,"column":64}},"11":{"start":{"line":27,"column":2},"end":{"line":27,"column":68}},"12":{"start":{"line":30,"column":20},"end":{"line":39,"column":4}},"13":{"start":{"line":41,"column":2},"end":{"line":41,"column":56}},"14":{"start":{"line":44,"column":25},"end":{"line":48,"column":3}},"15":{"start":{"line":45,"column":4},"end":{"line":47,"column":5}},"16":{"start":{"line":46,"column":6},"end":{"line":46,"column":52}},"17":{"start":{"line":50,"column":2},"end":{"line":50,"column":50}},"18":{"start":{"line":51,"column":2},"end":{"line":51,"column":24}}},"fnMap":{"0":{"name":"(anonymous_0)","decl":{"start":{"line":6,"column":46},"end":{"line":6,"column":47}},"loc":{"start":{"line":6,"column":69},"end":{"line":52,"column":1}},"line":6},"1":{"name":"(anonymous_1)","decl":{"start":{"line":24,"column":27},"end":{"line":24,"column":28}},"loc":{"start":{"line":24,"column":38},"end":{"line":24,"column":64}},"line":24},"2":{"name":"(anonymous_2)","decl":{"start":{"line":44,"column":42},"end":{"line":44,"column":43}},"loc":{"start":{"line":45,"column":4},"end":{"line":47,"column":5}},"line":45},"3":{"name":"(anonymous_3)","decl":{"start":{"line":45,"column":30},"end":{"line":45,"column":31}},"loc":{"start":{"line":46,"column":6},"end":{"line":46,"column":52}},"line":46}},"branchMap":{"0":{"loc":{"start":{"line":8,"column":2},"end":{"line":10,"column":3}},"type":"if","locations":[{"start":{"line":8,"column":2},"end":{"line":10,"column":3}},{"start":{},"end":{}}],"line":8},"1":{"loc":{"start":{"line":18,"column":2},"end":{"line":21,"column":3}},"type":"if","locations":[{"start":{"line":18,"column":2},"end":{"line":21,"column":3}},{"start":{},"end":{}}],"line":18},"2":{"loc":{"start":{"line":18,"column":6},"end":{"line":18,"column":37}},"type":"binary-expr","locations":[{"start":{"line":18,"column":6},"end":{"line":18,"column":16}},{"start":{"line":18,"column":20},"end":{"line":18,"column":37}}],"line":18},"3":{"loc":{"start":{"line":23,"column":27},"end":{"line":25,"column":45}},"type":"cond-expr","locations":[{"start":{"line":24,"column":6},"end":{"line":24,"column":65}},{"start":{"line":25,"column":6},"end":{"line":25,"column":45}}],"line":23}},"s":{"0":1,"1":1,"2":6,"3":6,"4":2,"5":4,"6":4,"7":0,"8":0,"9":4,"10":0,"11":4,"12":4,"13":4,"14":4,"15":12,"16":12,"17":4,"18":4},"f":{"0":6,"1":0,"2":12,"3":12},"b":{"0":[2,4],"1":[0,4],"2":[4,4],"3":[0,4]},"_coverageSchema":"1a1c01bbd47fc00a2c39e90264f33305004495a9","hash":"fb5799842c9ec995c9754a4fb8b8ef7ef56c3e59"}
,"C:\\Users\\musta\\OneDrive\\Documents\\4353demoUpdating\\backend\\notificationService.js": {"path":"C:\\Users\\musta\\OneDrive\\Documents\\4353demoUpdating\\backend\\notificationService.js","statementMap":{"0":{"start":{"line":3,"column":32},"end":{"line":12,"column":1}},"1":{"start":{"line":4,"column":2},"end":{"line":11,"column":3}},"2":{"start":{"line":5,"column":19},"end":{"line":5,"column":88}},"3":{"start":{"line":6,"column":4},"end":{"line":6,"column":55}},"4":{"start":{"line":7,"column":4},"end":{"line":7,"column":23}},"5":{"start":{"line":9,"column":4},"end":{"line":9,"column":58}},"6":{"start":{"line":10,"column":4},"end":{"line":10,"column":16}},"7":{"start":{"line":13,"column":31},"end":{"line":26,"column":1}},"8":{"start":{"line":14,"column":2},"end":{"line":25,"column":3}},"9":{"start":{"line":15,"column":4},"end":{"line":15,"column":54}},"10":{"start":{"line":16,"column":19},"end":{"line":19,"column":5}},"11":{"start":{"line":20,"column":4},"end":{"line":20,"column":58}},"12":{"start":{"line":21,"column":4},"end":{"line":21,"column":26}},"13":{"start":{"line":23,"column":4},"end":{"line":23,"column":55}},"14":{"start":{"line":24,"column":4},"end":{"line":24,"column":16}}},"fnMap":{"0":{"name":"(anonymous_0)","decl":{"start":{"line":3,"column":32},"end":{"line":3,"column":33}},"loc":{"start":{"line":3,"column":44},"end":{"line":12,"column":1}},"line":3},"1":{"name":"(anonymous_1)","decl":{"start":{"line":13,"column":31},"end":{"line":13,"column":32}},"loc":{"start":{"line":13,"column":55},"end":{"line":26,"column":1}},"line":13}},"branchMap":{},"s":{"0":1,"1":1,"2":1,"3":1,"4":1,"5":0,"6":0,"7":1,"8":2,"9":2,"10":2,"11":1,"12":1,"13":1,"14":1},"f":{"0":1,"1":2},"b":{},"_coverageSchema":"1a1c01bbd47fc00a2c39e90264f33305004495a9","hash":"794680dd488e480c3d900fbb5bf0e0c1f4a2c9c2"}
,"C:\\Users\\musta\\OneDrive\\Documents\\4353demoUpdating\\backend\\userService.js": {"path":"C:\\Users\\musta\\OneDrive\\Documents\\4353demoUpdating\\backend\\userService.js","statementMap":{"0":{"start":{"line":5,"column":2},"end":{"line":5,"column":49}},"1":{"start":{"line":9,"column":30},"end":{"line":9,"column":34}},"2":{"start":{"line":10,"column":2},"end":{"line":12,"column":5}}},"fnMap":{"0":{"name":"getUsers","decl":{"start":{"line":4,"column":15},"end":{"line":4,"column":23}},"loc":{"start":{"line":4,"column":26},"end":{"line":6,"column":1}},"line":4},"1":{"name":"addUser","decl":{"start":{"line":8,"column":15},"end":{"line":8,"column":22}},"loc":{"start":{"line":8,"column":29},"end":{"line":13,"column":1}},"line":8}},"branchMap":{},"s":{"0":1,"1":2,"2":2},"f":{"0":1,"1":2},"b":{},"_coverageSchema":"1a1c01bbd47fc00a2c39e90264f33305004495a9","hash":"9979a105696e9b891196cc16b42935efb6a32e18"}
,"C:\\Users\\musta\\OneDrive\\Documents\\4353demoUpdating\\lib\\db.js": {"path":"C:\\Users\\musta\\OneDrive\\Documents\\4353demoUpdating\\lib\\db.js","statementMap":{"0":{"start":{"line":2,"column":17},"end":{"line":2,"column":20}},"1":{"start":{"line":4,"column":13},"end":{"line":10,"column":2}},"2":{"start":{"line":12,"column":21},"end":{"line":12,"column":63}},"3":{"start":{"line":12,"column":39},"end":{"line":12,"column":63}}},"fnMap":{"0":{"name":"(anonymous_0)","decl":{"start":{"line":12,"column":21},"end":{"line":12,"column":22}},"loc":{"start":{"line":12,"column":39},"end":{"line":12,"column":63}},"line":12}},"branchMap":{},"s":{"0":1,"1":1,"2":1,"3":3},"f":{"0":3},"b":{},"_coverageSchema":"1a1c01bbd47fc00a2c39e90264f33305004495a9","hash":"7b84456b0ba2c3190b601c1db7b06ff7a6d096cd"}
,"C:\\Users\\musta\\OneDrive\\Documents\\4353demoUpdating\\lib\\prisma.js": {"path":"C:\\Users\\musta\\OneDrive\\Documents\\4353demoUpdating\\lib\\prisma.js","statementMap":{"0":{"start":{"line":4,"column":15},"end":{"line":4,"column":33}}},"fnMap":{},"branchMap":{},"s":{"0":1},"f":{},"b":{},"_coverageSchema":"1a1c01bbd47fc00a2c39e90264f33305004495a9","hash":"379654f7b8383b5f6b666a880dedf7ab01f72f35"}
,"C:\\Users\\musta\\OneDrive\\Documents\\4353demoUpdating\\pages\\api\\events\\index.js": {"path":"C:\\Users\\musta\\OneDrive\\Documents\\4353demoUpdating\\pages\\api\\events\\index.js","statementMap":{"0":{"start":{"line":4,"column":16},"end":{"line":70,"column":1}},"1":{"start":{"line":5,"column":2},"end":{"line":69,"column":3}},"2":{"start":{"line":7,"column":23},"end":{"line":7,"column":48}},"3":{"start":{"line":8,"column":4},"end":{"line":11,"column":5}},"4":{"start":{"line":9,"column":6},"end":{"line":9,"column":52}},"5":{"start":{"line":10,"column":6},"end":{"line":10,"column":77}},"6":{"start":{"line":13,"column":18},"end":{"line":13,"column":42}},"7":{"start":{"line":14,"column":4},"end":{"line":17,"column":5}},"8":{"start":{"line":15,"column":6},"end":{"line":15,"column":61}},"9":{"start":{"line":16,"column":6},"end":{"line":16,"column":86}},"10":{"start":{"line":20,"column":4},"end":{"line":65,"column":7}},"11":{"start":{"line":21,"column":6},"end":{"line":64,"column":7}},"12":{"start":{"line":22,"column":94},"end":{"line":22,"column":102}},"13":{"start":{"line":25,"column":8},"end":{"line":28,"column":9}},"14":{"start":{"line":26,"column":10},"end":{"line":26,"column":70}},"15":{"start":{"line":27,"column":10},"end":{"line":27,"column":76}},"16":{"start":{"line":30,"column":8},"end":{"line":48,"column":9}},"17":{"start":{"line":32,"column":24},"end":{"line":41,"column":12}},"18":{"start":{"line":43,"column":10},"end":{"line":43,"column":47}},"19":{"start":{"line":44,"column":10},"end":{"line":44,"column":45}},"20":{"start":{"line":46,"column":10},"end":{"line":46,"column":56}},"21":{"start":{"line":47,"column":10},"end":{"line":47,"column":74}},"22":{"start":{"line":49,"column":13},"end":{"line":64,"column":7}},"23":{"start":{"line":50,"column":8},"end":{"line":58,"column":9}},"24":{"start":{"line":52,"column":25},"end":{"line":52,"column":61}},"25":{"start":{"line":53,"column":10},"end":{"line":53,"column":49}},"26":{"start":{"line":54,"column":10},"end":{"line":54,"column":46}},"27":{"start":{"line":56,"column":10},"end":{"line":56,"column":57}},"28":{"start":{"line":57,"column":10},"end":{"line":57,"column":74}},"29":{"start":{"line":61,"column":8},"end":{"line":61,"column":64}},"30":{"start":{"line":62,"column":8},"end":{"line":62,"column":48}},"31":{"start":{"line":63,"column":8},"end":{"line":63,"column":69}},"32":{"start":{"line":67,"column":4},"end":{"line":67,"column":49}},"33":{"start":{"line":68,"column":4},"end":{"line":68,"column":59}}},"fnMap":{"0":{"name":"(anonymous_0)","decl":{"start":{"line":4,"column":16},"end":{"line":4,"column":17}},"loc":{"start":{"line":4,"column":36},"end":{"line":70,"column":1}},"line":4},"1":{"name":"(anonymous_1)","decl":{"start":{"line":20,"column":35},"end":{"line":20,"column":36}},"loc":{"start":{"line":20,"column":47},"end":{"line":65,"column":5}},"line":20}},"branchMap":{"0":{"loc":{"start":{"line":8,"column":4},"end":{"line":11,"column":5}},"type":"if","locations":[{"start":{"line":8,"column":4},"end":{"line":11,"column":5}},{"start":{},"end":{}}],"line":8},"1":{"loc":{"start":{"line":14,"column":4},"end":{"line":17,"column":5}},"type":"if","locations":[{"start":{"line":14,"column":4},"end":{"line":17,"column":5}},{"start":{},"end":{}}],"line":14},"2":{"loc":{"start":{"line":21,"column":6},"end":{"line":64,"column":7}},"type":"if","locations":[{"start":{"line":21,"column":6},"end":{"line":64,"column":7}},{"start":{"line":49,"column":13},"end":{"line":64,"column":7}}],"line":21},"3":{"loc":{"start":{"line":25,"column":8},"end":{"line":28,"column":9}},"type":"if","locations":[{"start":{"line":25,"column":8},"end":{"line":28,"column":9}},{"start":{},"end":{}}],"line":25},"4":{"loc":{"start":{"line":25,"column":12},"end":{"line":25,"column":89}},"type":"binary-expr","locations":[{"start":{"line":25,"column":12},"end":{"line":25,"column":22}},{"start":{"line":25,"column":26},"end":{"line":25,"column":43}},{"start":{"line":25,"column":47},"end":{"line":25,"column":56}},{"start":{"line":25,"column":60},"end":{"line":25,"column":75}},{"start":{"line":25,"column":79},"end":{"line":25,"column":89}}],"line":25},"5":{"loc":{"start":{"line":49,"column":13},"end":{"line":64,"column":7}},"type":"if","locations":[{"start":{"line":49,"column":13},"end":{"line":64,"column":7}},{"start":{"line":59,"column":13},"end":{"line":64,"column":7}}],"line":49}},"s":{"0":1,"1":6,"2":6,"3":6,"4":0,"5":0,"6":6,"7":6,"8":0,"9":0,"10":6,"11":6,"12":3,"13":3,"14":1,"15":1,"16":2,"17":2,"18":1,"19":1,"20":1,"21":1,"22":3,"23":2,"24":2,"25":1,"26":1,"27":1,"28":1,"29":1,"30":1,"31":1,"32":0,"33":0},"f":{"0":6,"1":6},"b":{"0":[0,6],"1":[0,6],"2":[3,3],"3":[1,2],"4":[3,2,2,2,2],"5":[2,1]},"_coverageSchema":"1a1c01bbd47fc00a2c39e90264f33305004495a9","hash":"c0c1e2ab7fe14f5d1c2dd5263b5868ee3477648c"}
,"C:\\Users\\musta\\OneDrive\\Documents\\4353demoUpdating\\pages\\api\\history\\index.js": {"path":"C:\\Users\\musta\\OneDrive\\Documents\\4353demoUpdating\\pages\\api\\history\\index.js","statementMap":{"0":{"start":{"line":4,"column":16},"end":{"line":36,"column":1}},"1":{"start":{"line":5,"column":2},"end":{"line":35,"column":3}},"2":{"start":{"line":7,"column":4},"end":{"line":15,"column":7}},"3":{"start":{"line":8,"column":6},"end":{"line":14,"column":7}},"4":{"start":{"line":9,"column":24},"end":{"line":9,"column":51}},"5":{"start":{"line":10,"column":8},"end":{"line":10,"column":45}},"6":{"start":{"line":12,"column":8},"end":{"line":12,"column":66}},"7":{"start":{"line":13,"column":8},"end":{"line":13,"column":74}},"8":{"start":{"line":16,"column":9},"end":{"line":35,"column":3}},"9":{"start":{"line":18,"column":4},"end":{"line":32,"column":7}},"10":{"start":{"line":19,"column":60},"end":{"line":19,"column":68}},"11":{"start":{"line":21,"column":6},"end":{"line":23,"column":7}},"12":{"start":{"line":22,"column":8},"end":{"line":22,"column":74}},"13":{"start":{"line":25,"column":6},"end":{"line":31,"column":7}},"14":{"start":{"line":26,"column":26},"end":{"line":26,"column":94}},"15":{"start":{"line":27,"column":8},"end":{"line":27,"column":47}},"16":{"start":{"line":29,"column":8},"end":{"line":29,"column":64}},"17":{"start":{"line":30,"column":8},"end":{"line":30,"column":79}},"18":{"start":{"line":34,"column":4},"end":{"line":34,"column":60}}},"fnMap":{"0":{"name":"(anonymous_0)","decl":{"start":{"line":4,"column":16},"end":{"line":4,"column":17}},"loc":{"start":{"line":4,"column":36},"end":{"line":36,"column":1}},"line":4},"1":{"name":"(anonymous_1)","decl":{"start":{"line":7,"column":35},"end":{"line":7,"column":36}},"loc":{"start":{"line":7,"column":47},"end":{"line":15,"column":5}},"line":7},"2":{"name":"(anonymous_2)","decl":{"start":{"line":18,"column":35},"end":{"line":18,"column":36}},"loc":{"start":{"line":18,"column":47},"end":{"line":32,"column":5}},"line":18}},"branchMap":{"0":{"loc":{"start":{"line":5,"column":2},"end":{"line":35,"column":3}},"type":"if","locations":[{"start":{"line":5,"column":2},"end":{"line":35,"column":3}},{"start":{"line":16,"column":9},"end":{"line":35,"column":3}}],"line":5},"1":{"loc":{"start":{"line":16,"column":9},"end":{"line":35,"column":3}},"type":"if","locations":[{"start":{"line":16,"column":9},"end":{"line":35,"column":3}},{"start":{"line":33,"column":9},"end":{"line":35,"column":3}}],"line":16},"2":{"loc":{"start":{"line":21,"column":6},"end":{"line":23,"column":7}},"type":"if","locations":[{"start":{"line":21,"column":6},"end":{"line":23,"column":7}},{"start":{},"end":{}}],"line":21},"3":{"loc":{"start":{"line":21,"column":10},"end":{"line":21,"column":58}},"type":"binary-expr","locations":[{"start":{"line":21,"column":10},"end":{"line":21,"column":22}},{"start":{"line":21,"column":26},"end":{"line":21,"column":34}},{"start":{"line":21,"column":38},"end":{"line":21,"column":58}}],"line":21}},"s":{"0":1,"1":6,"2":2,"3":2,"4":2,"5":1,"6":1,"7":1,"8":4,"9":3,"10":3,"11":3,"12":1,"13":2,"14":2,"15":1,"16":1,"17":1,"18":1},"f":{"0":6,"1":2,"2":3},"b":{"0":[2,4],"1":[3,1],"2":[1,2],"3":[3,2,2]},"_coverageSchema":"1a1c01bbd47fc00a2c39e90264f33305004495a9","hash":"9946dcdd756312377eeddf10de89a856a708e106"}
,"C:\\Users\\musta\\OneDrive\\Documents\\4353demoUpdating\\pages\\api\\matching\\index.js": {"path":"C:\\Users\\musta\\OneDrive\\Documents\\4353demoUpdating\\pages\\api\\matching\\index.js","statementMap":{"0":{"start":{"line":6,"column":2},"end":{"line":60,"column":3}},"1":{"start":{"line":7,"column":4},"end":{"line":56,"column":5}},"2":{"start":{"line":8,"column":6},"end":{"line":13,"column":9}},"3":{"start":{"line":9,"column":8},"end":{"line":12,"column":11}},"4":{"start":{"line":10,"column":10},"end":{"line":10,"column":38}},"5":{"start":{"line":10,"column":19},"end":{"line":10,"column":38}},"6":{"start":{"line":11,"column":10},"end":{"line":11,"column":20}},"7":{"start":{"line":15,"column":30},"end":{"line":15,"column":38}},"8":{"start":{"line":17,"column":6},"end":{"line":20,"column":7}},"9":{"start":{"line":18,"column":8},"end":{"line":18,"column":69}},"10":{"start":{"line":19,"column":8},"end":{"line":19,"column":75}},"11":{"start":{"line":22,"column":6},"end":{"line":25,"column":7}},"12":{"start":{"line":23,"column":8},"end":{"line":23,"column":55}},"13":{"start":{"line":24,"column":8},"end":{"line":24,"column":86}},"14":{"start":{"line":27,"column":6},"end":{"line":27,"column":81}},"15":{"start":{"line":30,"column":24},"end":{"line":39,"column":8}},"16":{"start":{"line":41,"column":6},"end":{"line":41,"column":60}},"17":{"start":{"line":44,"column":29},"end":{"line":44,"column":78}},"18":{"start":{"line":46,"column":6},"end":{"line":52,"column":7}},"19":{"start":{"line":47,"column":8},"end":{"line":47,"column":103}},"20":{"start":{"line":48,"column":8},"end":{"line":48,"column":52}},"21":{"start":{"line":50,"column":8},"end":{"line":50,"column":81}},"22":{"start":{"line":51,"column":8},"end":{"line":51,"column":96}},"23":{"start":{"line":54,"column":6},"end":{"line":54,"column":69}},"24":{"start":{"line":55,"column":6},"end":{"line":55,"column":94}},"25":{"start":{"line":58,"column":4},"end":{"line":58,"column":60}},"26":{"start":{"line":59,"column":4},"end":{"line":59,"column":67}}},"fnMap":{"0":{"name":"handler","decl":{"start":{"line":5,"column":30},"end":{"line":5,"column":37}},"loc":{"start":{"line":5,"column":48},"end":{"line":61,"column":1}},"line":5},"1":{"name":"(anonymous_1)","decl":{"start":{"line":8,"column":24},"end":{"line":8,"column":25}},"loc":{"start":{"line":8,"column":45},"end":{"line":13,"column":7}},"line":8},"2":{"name":"(anonymous_2)","decl":{"start":{"line":9,"column":33},"end":{"line":9,"column":34}},"loc":{"start":{"line":9,"column":42},"end":{"line":12,"column":9}},"line":9}},"branchMap":{"0":{"loc":{"start":{"line":6,"column":2},"end":{"line":60,"column":3}},"type":"if","locations":[{"start":{"line":6,"column":2},"end":{"line":60,"column":3}},{"start":{"line":57,"column":9},"end":{"line":60,"column":3}}],"line":6},"1":{"loc":{"start":{"line":10,"column":10},"end":{"line":10,"column":38}},"type":"if","locations":[{"start":{"line":10,"column":10},"end":{"line":10,"column":38}},{"start":{},"end":{}}],"line":10},"2":{"loc":{"start":{"line":17,"column":6},"end":{"line":20,"column":7}},"type":"if","locations":[{"start":{"line":17,"column":6},"end":{"line":20,"column":7}},{"start":{},"end":{}}],"line":17},"3":{"loc":{"start":{"line":22,"column":6},"end":{"line":25,"column":7}},"type":"if","locations":[{"start":{"line":22,"column":6},"end":{"line":25,"column":7}},{"start":{},"end":{}}],"line":22},"4":{"loc":{"start":{"line":46,"column":6},"end":{"line":52,"column":7}},"type":"if","locations":[{"start":{"line":46,"column":6},"end":{"line":52,"column":7}},{"start":{"line":49,"column":13},"end":{"line":52,"column":7}}],"line":46}},"s":{"0":6,"1":5,"2":5,"3":5,"4":5,"5":0,"6":5,"7":5,"8":5,"9":1,"10":1,"11":4,"12":1,"13":1,"14":3,"15":3,"16":2,"17":2,"18":2,"19":1,"20":1,"21":1,"22":1,"23":1,"24":1,"25":1,"26":1},"f":{"0":6,"1":5,"2":5},"b":{"0":[5,1],"1":[0,5],"2":[1,4],"3":[1,3],"4":[1,1]},"_coverageSchema":"1a1c01bbd47fc00a2c39e90264f33305004495a9","hash":"f70708bef174b38a939ab81aefd7b08f24fce4de"}
,"C:\\Users\\musta\\OneDrive\\Documents\\4353demoUpdating\\pages\\api\\users\\index.js": {"path":"C:\\Users\\musta\\OneDrive\\Documents\\4353demoUpdating\\pages\\api\\users\\index.js","statementMap":{"0":{"start":{"line":4,"column":16},"end":{"line":27,"column":1}},"1":{"start":{"line":5,"column":2},"end":{"line":26,"column":5}},"2":{"start":{"line":6,"column":21},"end":{"line":6,"column":24}},"3":{"start":{"line":7,"column":4},"end":{"line":9,"column":5}},"4":{"start":{"line":8,"column":6},"end":{"line":8,"column":66}},"5":{"start":{"line":11,"column":4},"end":{"line":25,"column":5}},"6":{"start":{"line":12,"column":26},"end":{"line":15,"column":8}},"7":{"start":{"line":17,"column":6},"end":{"line":19,"column":7}},"8":{"start":{"line":18,"column":8},"end":{"line":18,"column":73}},"9":{"start":{"line":21,"column":6},"end":{"line":21,"column":47}},"10":{"start":{"line":23,"column":6},"end":{"line":23,"column":59}},"11":{"start":{"line":24,"column":6},"end":{"line":24,"column":70}}},"fnMap":{"0":{"name":"(anonymous_0)","decl":{"start":{"line":4,"column":16},"end":{"line":4,"column":17}},"loc":{"start":{"line":4,"column":36},"end":{"line":27,"column":1}},"line":4},"1":{"name":"(anonymous_1)","decl":{"start":{"line":5,"column":33},"end":{"line":5,"column":34}},"loc":{"start":{"line":5,"column":45},"end":{"line":26,"column":3}},"line":5}},"branchMap":{"0":{"loc":{"start":{"line":7,"column":4},"end":{"line":9,"column":5}},"type":"if","locations":[{"start":{"line":7,"column":4},"end":{"line":9,"column":5}},{"start":{},"end":{}}],"line":7},"1":{"loc":{"start":{"line":17,"column":6},"end":{"line":19,"column":7}},"type":"if","locations":[{"start":{"line":17,"column":6},"end":{"line":19,"column":7}},{"start":{},"end":{}}],"line":17}},"s":{"0":1,"1":4,"2":4,"3":4,"4":1,"5":3,"6":3,"7":2,"8":1,"9":1,"10":1,"11":1},"f":{"0":4,"1":4},"b":{"0":[1,3],"1":[1,1]},"_coverageSchema":"1a1c01bbd47fc00a2c39e90264f33305004495a9","hash":"97b977b86f3dd604f6506467c6deb5ad775abe29"}
}
