TN:
SF:backend\authService.js
FN:6,(anonymous_0)
FN:27,(anonymous_1)
FNF:2
FNH:2
FNDA:2,(anonymous_0)
FNDA:3,(anonymous_1)
DA:6,1
DA:7,2
DA:8,1
DA:18,1
DA:24,1
DA:27,1
DA:28,3
DA:32,3
DA:33,1
DA:36,2
DA:37,2
DA:38,1
DA:41,1
DA:47,1
LF:14
LH:14
BRDA:32,0,0,1
BRDA:32,0,1,2
BRDA:37,1,0,1
BRDA:37,1,1,1
BRF:4
BRH:4
end_of_record
TN:
SF:backend\eventService.js
FN:3,(anonymous_0)
FN:8,(anonymous_1)
FNF:2
FNH:2
FNDA:2,(anonymous_0)
FNDA:3,(anonymous_1)
DA:3,1
DA:4,2
DA:5,1
DA:8,1
DA:9,3
DA:13,2
LF:6
LH:6
BRF:0
BRH:0
end_of_record
TN:
SF:backend\historyService.js
FN:3,(anonymous_0)
FN:16,(anonymous_1)
FNF:2
FNH:2
FNDA:1,(anonymous_0)
FNDA:2,(anonymous_1)
DA:3,1
DA:4,1
DA:16,1
DA:17,2
LF:4
LH:4
BRF:0
BRH:0
end_of_record
TN:
SF:backend\matchingService.js
FN:6,(anonymous_0)
FN:24,(anonymous_1)
FN:44,(anonymous_2)
FN:45,(anonymous_3)
FNF:4
FNH:3
FNDA:6,(anonymous_0)
FNDA:0,(anonymous_1)
FNDA:12,(anonymous_2)
FNDA:12,(anonymous_3)
DA:3,1
DA:6,1
DA:7,6
DA:8,6
DA:9,2
DA:13,4
DA:18,4
DA:19,0
DA:20,0
DA:23,4
DA:24,0
DA:27,4
DA:30,4
DA:41,4
DA:44,4
DA:45,12
DA:46,12
DA:50,4
DA:51,4
LF:19
LH:16
BRDA:8,0,0,2
BRDA:8,0,1,4
BRDA:18,1,0,0
BRDA:18,1,1,4
BRDA:18,2,0,4
BRDA:18,2,1,4
BRDA:23,3,0,0
BRDA:23,3,1,4
BRF:8
BRH:6
end_of_record
TN:
SF:backend\notificationService.js
FN:3,(anonymous_0)
FN:13,(anonymous_1)
FNF:2
FNH:2
FNDA:1,(anonymous_0)
FNDA:2,(anonymous_1)
DA:3,1
DA:4,1
DA:5,1
DA:6,1
DA:7,1
DA:9,0
DA:10,0
DA:13,1
DA:14,2
DA:15,2
DA:16,2
DA:20,1
DA:21,1
DA:23,1
DA:24,1
LF:15
LH:13
BRF:0
BRH:0
end_of_record
TN:
SF:backend\userService.js
FN:4,getUsers
FN:8,addUser
FNF:2
FNH:2
FNDA:1,getUsers
FNDA:2,addUser
DA:5,1
DA:9,2
DA:10,2
LF:3
LH:3
BRF:0
BRH:0
end_of_record
TN:
SF:lib\db.js
FN:12,(anonymous_0)
FNF:1
FNH:1
FNDA:3,(anonymous_0)
DA:2,1
DA:4,1
DA:12,3
LF:3
LH:3
BRF:0
BRH:0
end_of_record
TN:
SF:lib\prisma.js
FNF:0
FNH:0
DA:4,1
LF:1
LH:1
BRF:0
BRH:0
end_of_record
TN:
SF:pages\api\events\index.js
FN:4,(anonymous_0)
FN:20,(anonymous_1)
FNF:2
FNH:2
FNDA:6,(anonymous_0)
FNDA:6,(anonymous_1)
DA:4,1
DA:5,6
DA:7,6
DA:8,6
DA:9,0
DA:10,0
DA:13,6
DA:14,6
DA:15,0
DA:16,0
DA:20,6
DA:21,6
DA:22,3
DA:25,3
DA:26,1
DA:27,1
DA:30,2
DA:32,2
DA:43,1
DA:44,1
DA:46,1
DA:47,1
DA:49,3
DA:50,2
DA:52,2
DA:53,1
DA:54,1
DA:56,1
DA:57,1
DA:61,1
DA:62,1
DA:63,1
DA:67,0
DA:68,0
LF:34
LH:28
BRDA:8,0,0,0
BRDA:8,0,1,6
BRDA:14,1,0,0
BRDA:14,1,1,6
BRDA:21,2,0,3
BRDA:21,2,1,3
BRDA:25,3,0,1
BRDA:25,3,1,2
BRDA:25,4,0,3
BRDA:25,4,1,2
BRDA:25,4,2,2
BRDA:25,4,3,2
BRDA:25,4,4,2
BRDA:49,5,0,2
BRDA:49,5,1,1
BRF:15
BRH:13
end_of_record
TN:
SF:pages\api\history\index.js
FN:4,(anonymous_0)
FN:7,(anonymous_1)
FN:18,(anonymous_2)
FNF:3
FNH:3
FNDA:6,(anonymous_0)
FNDA:2,(anonymous_1)
FNDA:3,(anonymous_2)
DA:4,1
DA:5,6
DA:7,2
DA:8,2
DA:9,2
DA:10,1
DA:12,1
DA:13,1
DA:16,4
DA:18,3
DA:19,3
DA:21,3
DA:22,1
DA:25,2
DA:26,2
DA:27,1
DA:29,1
DA:30,1
DA:34,1
LF:19
LH:19
BRDA:5,0,0,2
BRDA:5,0,1,4
BRDA:16,1,0,3
BRDA:16,1,1,1
BRDA:21,2,0,1
BRDA:21,2,1,2
BRDA:21,3,0,3
BRDA:21,3,1,2
BRDA:21,3,2,2
BRF:9
BRH:9
end_of_record
TN:
SF:pages\api\matching\index.js
FN:5,handler
FN:8,(anonymous_1)
FN:9,(anonymous_2)
FNF:3
FNH:3
FNDA:6,handler
FNDA:5,(anonymous_1)
FNDA:5,(anonymous_2)
DA:6,6
DA:7,5
DA:8,5
DA:9,5
DA:10,5
DA:11,5
DA:15,5
DA:17,5
DA:18,1
DA:19,1
DA:22,4
DA:23,1
DA:24,1
DA:27,3
DA:30,3
DA:41,2
DA:44,2
DA:46,2
DA:47,1
DA:48,1
DA:50,1
DA:51,1
DA:54,1
DA:55,1
DA:58,1
DA:59,1
LF:26
LH:26
BRDA:6,0,0,5
BRDA:6,0,1,1
BRDA:10,1,0,0
BRDA:10,1,1,5
BRDA:17,2,0,1
BRDA:17,2,1,4
BRDA:22,3,0,1
BRDA:22,3,1,3
BRDA:46,4,0,1
BRDA:46,4,1,1
BRF:10
BRH:9
end_of_record
TN:
SF:pages\api\users\index.js
FN:4,(anonymous_0)
FN:5,(anonymous_1)
FNF:2
FNH:2
FNDA:4,(anonymous_0)
FNDA:4,(anonymous_1)
DA:4,1
DA:5,4
DA:6,4
DA:7,4
DA:8,1
DA:11,3
DA:12,3
DA:17,2
DA:18,1
DA:21,1
DA:23,1
DA:24,1
LF:12
LH:12
BRDA:7,0,0,1
BRDA:7,0,1,3
BRDA:17,1,0,1
BRDA:17,1,1,1
BRF:4
BRH:4
end_of_record
